----------

Thu Oct 12 2023 16:34:13 GMT-0300 (Horário Padrão de Brasília)

warning: in the working copy of '404.html', LF will be replaced by CRLF the next time Git touches it


----------

Thu Oct 12 2023 16:34:13 GMT-0300 (Horário Padrão de Brasília)

warning: in the working copy of 'assets/bootstrap/css/bootstrap.min.css', LF will be replaced by CRLF the next time Git touches it


----------

Thu Oct 12 2023 16:34:13 GMT-0300 (Horário Padrão de Brasília)

warning: in the working copy of 'assets/bootstrap/js/bootstrap.min.js', LF will be replaced by CRLF the next time Git touches it


----------

Thu Oct 12 2023 16:34:13 GMT-0300 (Horário Padrão de Brasília)

warning: in the working copy of 'assets/css/animate.min.css', LF will be replaced by CRLF the next time Git touches it


----------

Thu Oct 12 2023 16:34:13 GMT-0300 (Horário Padrão de Brasília)

warning: in the working copy of 'assets/css/animations/animations.css', LF will be replaced by CRLF the next time Git touches it


----------

Thu Oct 12 2023 16:34:13 GMT-0300 (Horário Padrão de Brasília)

warning: in the working copy of 'assets/css/aos.min.css', LF will be replaced by CRLF the next time Git touches it


----------

Thu Oct 12 2023 16:34:13 GMT-0300 (Horário Padrão de Brasília)

warning: in the working copy of 'assets/css/styles.css', LF will be replaced by CRLF the next time Git touches it


----------

Thu Oct 12 2023 16:34:14 GMT-0300 (Horário Padrão de Brasília)

warning: in the working copy of 'assets/js/bs-init.js', LF will be replaced by CRLF the next time Git touches it


----------

Thu Oct 12 2023 16:34:14 GMT-0300 (Horário Padrão de Brasília)

warning: in the working copy of 'assets/js/smart-forms.min.js', LF will be replaced by CRLF the next time Git touches it


----------

Thu Oct 12 2023 16:34:14 GMT-0300 (Horário Padrão de Brasília)

warning: in the working copy of 'index.html', LF will be replaced by CRLF the next time Git touches it


----------

Thu Oct 12 2023 16:34:14 GMT-0300 (Horário Padrão de Brasília)

warning: in the working copy of 'robots.txt', LF will be replaced by CRLF the next time Git touches it


----------

Thu Oct 12 2023 16:34:14 GMT-0300 (Horário Padrão de Brasília)

warning: in the working copy of 'servicos.html', LF will be replaced by CRLF the next time Git touches it


----------

Thu Oct 12 2023 16:34:14 GMT-0300 (Horário Padrão de Brasília)

warning: in the working copy of 'sitemap.xml', LF will be replaced by CRLF the next time Git touches it


----------

Thu Oct 12 2023 16:34:14 GMT-0300 (Horário Padrão de Brasília)

warning: in the working copy of 'assets/css/Footer.css', LF will be replaced by CRLF the next time Git touches it


----------

Thu Oct 12 2023 16:34:14 GMT-0300 (Horário Padrão de Brasília)

warning: in the working copy of 'assets/css/Open Sans.css', LF will be replaced by CRLF the next time Git touches it


----------

Thu Oct 12 2023 16:34:14 GMT-0300 (Horário Padrão de Brasília)

warning: in the working copy of 'assets/css/Poppins.css', LF will be replaced by CRLF the next time Git touches it


----------

Thu Oct 12 2023 16:34:14 GMT-0300 (Horário Padrão de Brasília)

warning: in the working copy of 'assets/css/Raleway.css', LF will be replaced by CRLF the next time Git touches it


----------

Thu Oct 12 2023 16:34:14 GMT-0300 (Horário Padrão de Brasília)

warning: in the working copy of 'assets/css/animacoes.css', LF will be replaced by CRLF the next time Git touches it


----------

Thu Oct 12 2023 16:34:14 GMT-0300 (Horário Padrão de Brasília)

warning: in the working copy of 'assets/css/estilos.css', LF will be replaced by CRLF the next time Git touches it


----------

Thu Oct 12 2023 16:34:14 GMT-0300 (Horário Padrão de Brasília)

warning: in the working copy of 'assets/css/fontes/fontes.compiled.css', LF will be replaced by CRLF the next time Git touches it


----------

Thu Oct 12 2023 16:34:14 GMT-0300 (Horário Padrão de Brasília)

warning: in the working copy of 'assets/css/preload.css', LF will be replaced by CRLF the next time Git touches it


----------

Thu Oct 12 2023 16:34:15 GMT-0300 (Horário Padrão de Brasília)

warning: in the working copy of 'assets/js/Back-To-Top.js', LF will be replaced by CRLF the next time Git touches it


----------

Thu Oct 12 2023 16:34:49 GMT-0300 (Horário Padrão de Brasília)

To https://github.com/Potestade/potestade.github.io.git
   bcbff40..99cd1ae  main -> main


